=~=~=~=~=~=~=~=~=~=~=~= PuTTY log 2018.05.22 00:27:35 =~=~=~=~=~=~=~=~=~=~=~=

Client connected:  Tue , 05/22/2018 , 00:25:05 EDT
Client IP:  10.0.0.146
Processing request
Action: GET
Path: /Weather
Client closed:  Tue , 05/22/2018 , 00:25:06 EDT

Client connected:  Tue , 05/22/2018 , 00:25:10 EDT
Client IP:  10.0.0.146
Processing request
Action: GET
Path: /SdBrowse
Client closed:  Tue , 05/22/2018 , 00:25:11 EDT

Client connected:  Tue , 05/22/2018 , 00:25:14 EDT
Client IP:  10.0.0.146
Processing request
Action: GET
Path: /LOG.TXT
File:  /LOG.TXT
Client closed:  Tue , 05/22/2018 , 00:25:25 EDT

Client connected:  Tue , 05/22/2018 , 00:25:57 EDT
Client IP:  10.0.0.146
Processing request
Action: GET
Path: /README.TXT
File:  /README.TXT
Client closed:  Tue , 05/22/2018 , 00:25:58 EDT

Client connected:  Tue , 05/22/2018 , 00:26:27 EDT
Client IP:  10.0.0.146
Processing request
Action: GET
Path: /Graphs
Client closed:  Tue , 05/22/2018 , 00:26:28 EDT

Client connected:  Tue , 05/22/2018 , 00:26:38 EDT
Client IP:  10.0.0.146
Processing request
Action: GET
Path: /Graphs
Client closed:  Tue , 05/22/2018 , 00:26:39 EDT

Client connected:  Tue , 05/22/2018 , 00:26:42 EDT
Client IP:  10.0.0.146
Processing request
Action: GET
Path: /Graphs
Client closed:  Tue , 05/22/2018 , 00:26:43 EDT
